<?xml version="1.0" encoding="UTF-8"?>
<!-- Generated by org.testng.reporters.JUnitReportReporter -->
<testsuite skipped="0" hostname="unknown40163ba3e049.attlocal.net" name="com.dsalgo.testcases.SignInTest" tests="6" failures="0" timestamp="2022-09-16T15:06:03 CDT" time="18.868" errors="0">
  <testcase name="signIn_User_With_no_userpasswordTest" time="3.858" classname="com.dsalgo.testcases.SignInTest"/>
  <system-out/>
  <testcase name="signIn_User_With_noUname_Test" time="1.243" classname="com.dsalgo.testcases.SignInTest"/>
  <system-out/>
  <testcase name="signIn_User_With_noPasswd_Test" time="2.293" classname="com.dsalgo.testcases.SignInTest"/>
  <system-out/>
  <testcase name="signIn_User_With_invalid_Username_Password_Test" time="2.545" classname="com.dsalgo.testcases.SignInTest"/>
  <system-out/>
  <testcase name="signIn_User_With_valid_uName_Password_Test" time="6.700" classname="com.dsalgo.testcases.SignInTest"/>
  <system-out/>
  <testcase name="signOut_fromSigninPage_Test" time="2.229" classname="com.dsalgo.testcases.SignInTest"/>
  <system-out/>
</testsuite> <!-- com.dsalgo.testcases.SignInTest -->
