<?xml version="1.0" encoding="UTF-8"?>
<!-- Generated by org.testng.reporters.JUnitReportReporter -->
<testsuite skipped="0" hostname="unknown40163ba3e049.attlocal.net" name="com.dsalgo.testcases.DataStructureTest" tests="6" failures="0" timestamp="2022-09-16T11:01:13 CDT" time="23.181" errors="0">
  <testcase name="click_Getstarted_below_DataStructureTest" time="7.506" classname="com.dsalgo.testcases.DataStructureTest"/>
  <system-out/>
  <testcase name="click_timeComplexityTest" time="1.195" classname="com.dsalgo.testcases.DataStructureTest"/>
  <system-out/>
  <testcase name="click_practiceQnsTest" time="3.218" classname="com.dsalgo.testcases.DataStructureTest"/>
  <system-out/>
  <testcase name="click_tryHereTest" time="2.530" classname="com.dsalgo.testcases.DataStructureTest"/>
  <system-out/>
  <testcase name="sendCodeTest" time="6.368" classname="com.dsalgo.testcases.DataStructureTest"/>
  <system-out/>
  <testcase name="signOut_from_dataStructurePage_Test" time="2.364" classname="com.dsalgo.testcases.DataStructureTest"/>
  <system-out/>
</testsuite> <!-- com.dsalgo.testcases.DataStructureTest -->
