<?xml version="1.0" encoding="UTF-8"?>
<!-- Generated by org.testng.reporters.JUnitReportReporter -->
<testsuite skipped="0" hostname="unknown40163ba3e049.attlocal.net" name="com.dsalgo.testcases.LinkedListTest" tests="5" failures="0" timestamp="2022-09-16T13:32:28 CDT" time="13.750" errors="0">
  <testcase name="click_Getstarted_below_LinkedListTest" time="7.250" classname="com.dsalgo.testcases.LinkedListTest"/>
  <system-out/>
  <testcase name="click_Introduction_Test" time="1.299" classname="com.dsalgo.testcases.LinkedListTest"/>
  <system-out/>
  <testcase name="click_tryHere_Test" time="1.557" classname="com.dsalgo.testcases.LinkedListTest"/>
  <system-out/>
  <testcase name="sendCodeTest" time="3.425" classname="com.dsalgo.testcases.LinkedListTest"/>
  <system-out/>
  <testcase name="click_createLinkedlist_Test" time="0.219" classname="com.dsalgo.testcases.LinkedListTest"/>
  <system-out/>
</testsuite> <!-- com.dsalgo.testcases.LinkedListTest -->
