<?xml version="1.0" encoding="UTF-8"?>
<!-- Generated by org.testng.reporters.JUnitReportReporter -->
<testsuite skipped="0" hostname="unknown40163ba3e049.attlocal.net" name="com.dsalgo.testcases.PortalTest" tests="1" failures="0" timestamp="2022-09-16T15:06:03 CDT" time="27.282" errors="0">
  <testcase name="clickGetStartedTest" time="27.282" classname="com.dsalgo.testcases.PortalTest"/>
  <system-out/>
</testsuite> <!-- com.dsalgo.testcases.PortalTest -->
